<?xml version="1.0" encoding="UTF-8"?>
<testng-results ignored="0" total="1" passed="1" failed="0" skipped="0">
  <reporter-output>
  </reporter-output>
  <suite started-at="2024-03-17T14:51:04 IST" name="Suite" finished-at="2024-03-17T14:51:32 IST" duration-ms="27745">
    <groups>
    </groups>
    <test started-at="2024-03-17T14:51:04 IST" name="Test2" finished-at="2024-03-17T14:51:32 IST" duration-ms="27745">
      <class name="seleniumjenkins.seleniumjenkins.WebTest">
        <test-method signature="startBrowser(java.lang.String)[pri:0, instance:seleniumjenkins.seleniumjenkins.WebTest@957e06]" started-at="2024-03-17T14:51:04 IST" name="startBrowser" finished-at="2024-03-17T14:51:32 IST" duration-ms="27657" status="PASS">
          <params>
            <param index="0">
              <value>
                <![CDATA[Chrome]]>
              </value>
            </param>
          </params>
          <reporter-output>
          </reporter-output>
        </test-method> <!-- startBrowser -->
      </class> <!-- seleniumjenkins.seleniumjenkins.WebTest -->
    </test> <!-- Test2 -->
  </suite> <!-- Suite -->
</testng-results>
